{"/Users/mando/Github/dominant-webapi/src/Dominant.bs.js": {"path":"/Users/mando/Github/dominant-webapi/src/Dominant.bs.js","statementMap":{"0":{"start":{"line":8,"column":2},"end":{"line":11,"column":10}},"1":{"start":{"line":15,"column":2},"end":{"line":36,"column":3}},"2":{"start":{"line":16,"column":4},"end":{"line":20,"column":12}},"3":{"start":{"line":22,"column":4},"end":{"line":35,"column":12}},"4":{"start":{"line":40,"column":2},"end":{"line":44,"column":10}},"5":{"start":{"line":48,"column":18},"end":{"line":48,"column":19}},"6":{"start":{"line":49,"column":13},"end":{"line":49,"column":15}},"7":{"start":{"line":50,"column":2},"end":{"line":63,"column":3}},"8":{"start":{"line":51,"column":14},"end":{"line":51,"column":18}},"9":{"start":{"line":52,"column":19},"end":{"line":52,"column":28}},"10":{"start":{"line":53,"column":4},"end":{"line":55,"column":5}},"11":{"start":{"line":54,"column":6},"end":{"line":54,"column":17}},"12":{"start":{"line":56,"column":4},"end":{"line":60,"column":17}},"13":{"start":{"line":61,"column":4},"end":{"line":61,"column":33}},"14":{"start":{"line":62,"column":4},"end":{"line":62,"column":14}},"15":{"start":{"line":67,"column":2},"end":{"line":69,"column":41}},"16":{"start":{"line":68,"column":16},"end":{"line":68,"column":66}},"17":{"start":{"line":73,"column":17},"end":{"line":73,"column":56}},"18":{"start":{"line":74,"column":19},"end":{"line":74,"column":62}},"19":{"start":{"line":75,"column":18},"end":{"line":75,"column":59}},"20":{"start":{"line":76,"column":2},"end":{"line":81,"column":3}},"21":{"start":{"line":77,"column":17},"end":{"line":79,"column":5}},"22":{"start":{"line":78,"column":6},"end":{"line":78,"column":31}},"23":{"start":{"line":80,"column":4},"end":{"line":80,"column":44}},"24":{"start":{"line":82,"column":2},"end":{"line":87,"column":3}},"25":{"start":{"line":83,"column":19},"end":{"line":85,"column":5}},"26":{"start":{"line":84,"column":6},"end":{"line":84,"column":35}},"27":{"start":{"line":86,"column":4},"end":{"line":86,"column":46}},"28":{"start":{"line":88,"column":17},"end":{"line":90,"column":3}},"29":{"start":{"line":89,"column":4},"end":{"line":89,"column":31}},"30":{"start":{"line":91,"column":2},"end":{"line":91,"column":44}},"31":{"start":{"line":95,"column":26},"end":{"line":101,"column":23}},"32":{"start":{"line":96,"column":10},"end":{"line":100,"column":18}},"33":{"start":{"line":102,"column":25},"end":{"line":112,"column":27}},"34":{"start":{"line":103,"column":10},"end":{"line":107,"column":18}},"35":{"start":{"line":113,"column":2},"end":{"line":117,"column":10}},"36":{"start":{"line":121,"column":18},"end":{"line":121,"column":30}},"37":{"start":{"line":122,"column":16},"end":{"line":122,"column":22}},"38":{"start":{"line":123,"column":2},"end":{"line":143,"column":3}},"39":{"start":{"line":124,"column":19},"end":{"line":124,"column":26}},"40":{"start":{"line":125,"column":19},"end":{"line":125,"column":28}},"41":{"start":{"line":126,"column":4},"end":{"line":128,"column":5}},"42":{"start":{"line":127,"column":6},"end":{"line":127,"column":22}},"43":{"start":{"line":129,"column":4},"end":{"line":129,"column":31}},"44":{"start":{"line":130,"column":4},"end":{"line":141,"column":29}},"45":{"start":{"line":131,"column":28},"end":{"line":131,"column":45}},"46":{"start":{"line":132,"column":16},"end":{"line":140,"column":17}},"47":{"start":{"line":133,"column":18},"end":{"line":133,"column":48}},"48":{"start":{"line":134,"column":18},"end":{"line":137,"column":26}},"49":{"start":{"line":139,"column":18},"end":{"line":139,"column":35}},"50":{"start":{"line":142,"column":4},"end":{"line":142,"column":14}},"51":{"start":{"line":147,"column":2},"end":{"line":147,"column":45}},"52":{"start":{"line":151,"column":15},"end":{"line":151,"column":54}},"53":{"start":{"line":152,"column":2},"end":{"line":152,"column":67}},"54":{"start":{"line":156,"column":2},"end":{"line":156,"column":78}},"55":{"start":{"line":160,"column":2},"end":{"line":162,"column":15}},"56":{"start":{"line":161,"column":14},"end":{"line":161,"column":80}}},"fnMap":{"0":{"name":"reduceRange","decl":{"start":{"line":7,"column":9},"end":{"line":7,"column":20}},"loc":{"start":{"line":7,"column":35},"end":{"line":12,"column":1}},"line":7},"1":{"name":"reduceColorRange","decl":{"start":{"line":14,"column":9},"end":{"line":14,"column":25}},"loc":{"start":{"line":14,"column":48},"end":{"line":37,"column":1}},"line":14},"2":{"name":"ofColor","decl":{"start":{"line":39,"column":9},"end":{"line":39,"column":16}},"loc":{"start":{"line":39,"column":42},"end":{"line":45,"column":1}},"line":39},"3":{"name":"ofFloatArray","decl":{"start":{"line":47,"column":9},"end":{"line":47,"column":21}},"loc":{"start":{"line":47,"column":34},"end":{"line":64,"column":1}},"line":47},"4":{"name":"getRange","decl":{"start":{"line":66,"column":9},"end":{"line":66,"column":17}},"loc":{"start":{"line":66,"column":30},"end":{"line":70,"column":1}},"line":66},"5":{"name":"(anonymous_5)","decl":{"start":{"line":67,"column":28},"end":{"line":67,"column":29}},"loc":{"start":{"line":67,"column":53},"end":{"line":69,"column":15}},"line":67},"6":{"name":"sortPixelList","decl":{"start":{"line":72,"column":9},"end":{"line":72,"column":22}},"loc":{"start":{"line":72,"column":47},"end":{"line":92,"column":1}},"line":72},"7":{"name":"(anonymous_7)","decl":{"start":{"line":77,"column":17},"end":{"line":77,"column":18}},"loc":{"start":{"line":77,"column":33},"end":{"line":79,"column":5}},"line":77},"8":{"name":"(anonymous_8)","decl":{"start":{"line":83,"column":19},"end":{"line":83,"column":20}},"loc":{"start":{"line":83,"column":35},"end":{"line":85,"column":5}},"line":83},"9":{"name":"(anonymous_9)","decl":{"start":{"line":88,"column":17},"end":{"line":88,"column":18}},"loc":{"start":{"line":88,"column":33},"end":{"line":90,"column":3}},"line":88},"10":{"name":"colorAverage","decl":{"start":{"line":94,"column":9},"end":{"line":94,"column":21}},"loc":{"start":{"line":94,"column":34},"end":{"line":118,"column":1}},"line":94},"11":{"name":"(anonymous_11)","decl":{"start":{"line":95,"column":39},"end":{"line":95,"column":40}},"loc":{"start":{"line":95,"column":52},"end":{"line":101,"column":9}},"line":95},"12":{"name":"(anonymous_12)","decl":{"start":{"line":102,"column":44},"end":{"line":102,"column":45}},"loc":{"start":{"line":102,"column":60},"end":{"line":108,"column":9}},"line":102},"13":{"name":"clusterize","decl":{"start":{"line":120,"column":9},"end":{"line":120,"column":19}},"loc":{"start":{"line":120,"column":40},"end":{"line":144,"column":1}},"line":120},"14":{"name":"(anonymous_14)","decl":{"start":{"line":130,"column":67},"end":{"line":130,"column":68}},"loc":{"start":{"line":130,"column":86},"end":{"line":141,"column":15}},"line":130},"15":{"name":"paletteOfClusters","decl":{"start":{"line":146,"column":9},"end":{"line":146,"column":26}},"loc":{"start":{"line":146,"column":37},"end":{"line":148,"column":1}},"line":146},"16":{"name":"paletteOfPixelArray","decl":{"start":{"line":150,"column":9},"end":{"line":150,"column":28}},"loc":{"start":{"line":150,"column":59},"end":{"line":153,"column":1}},"line":150},"17":{"name":"ofImageData","decl":{"start":{"line":155,"column":9},"end":{"line":155,"column":20}},"loc":{"start":{"line":155,"column":47},"end":{"line":157,"column":1}},"line":155},"18":{"name":"ofUrl","decl":{"start":{"line":159,"column":9},"end":{"line":159,"column":14}},"loc":{"start":{"line":159,"column":35},"end":{"line":163,"column":1}},"line":159},"19":{"name":"(anonymous_19)","decl":{"start":{"line":160,"column":50},"end":{"line":160,"column":51}},"loc":{"start":{"line":160,"column":71},"end":{"line":162,"column":13}},"line":160}},"branchMap":{"0":{"loc":{"start":{"line":9,"column":15},"end":{"line":9,"column":52}},"type":"cond-expr","locations":[{"start":{"line":9,"column":35},"end":{"line":9,"column":40}},{"start":{"line":9,"column":43},"end":{"line":9,"column":52}}],"line":9},"1":{"loc":{"start":{"line":10,"column":15},"end":{"line":10,"column":52}},"type":"cond-expr","locations":[{"start":{"line":10,"column":35},"end":{"line":10,"column":40}},{"start":{"line":10,"column":43},"end":{"line":10,"column":52}}],"line":10},"2":{"loc":{"start":{"line":15,"column":2},"end":{"line":36,"column":3}},"type":"if","locations":[{"start":{"line":15,"column":2},"end":{"line":36,"column":3}},{"start":{"line":15,"column":2},"end":{"line":36,"column":3}}],"line":15},"3":{"loc":{"start":{"line":53,"column":4},"end":{"line":55,"column":5}},"type":"if","locations":[{"start":{"line":53,"column":4},"end":{"line":55,"column":5}},{"start":{"line":53,"column":4},"end":{"line":55,"column":5}}],"line":53},"4":{"loc":{"start":{"line":76,"column":2},"end":{"line":81,"column":3}},"type":"if","locations":[{"start":{"line":76,"column":2},"end":{"line":81,"column":3}},{"start":{"line":76,"column":2},"end":{"line":81,"column":3}}],"line":76},"5":{"loc":{"start":{"line":76,"column":6},"end":{"line":76,"column":51}},"type":"binary-expr","locations":[{"start":{"line":76,"column":6},"end":{"line":76,"column":27}},{"start":{"line":76,"column":31},"end":{"line":76,"column":51}}],"line":76},"6":{"loc":{"start":{"line":82,"column":2},"end":{"line":87,"column":3}},"type":"if","locations":[{"start":{"line":82,"column":2},"end":{"line":87,"column":3}},{"start":{"line":82,"column":2},"end":{"line":87,"column":3}}],"line":82},"7":{"loc":{"start":{"line":82,"column":6},"end":{"line":82,"column":53}},"type":"binary-expr","locations":[{"start":{"line":82,"column":6},"end":{"line":82,"column":28}},{"start":{"line":82,"column":32},"end":{"line":82,"column":53}}],"line":82},"8":{"loc":{"start":{"line":126,"column":4},"end":{"line":128,"column":5}},"type":"if","locations":[{"start":{"line":126,"column":4},"end":{"line":128,"column":5}},{"start":{"line":126,"column":4},"end":{"line":128,"column":5}}],"line":126},"9":{"loc":{"start":{"line":132,"column":16},"end":{"line":140,"column":17}},"type":"if","locations":[{"start":{"line":132,"column":16},"end":{"line":140,"column":17}},{"start":{"line":132,"column":16},"end":{"line":140,"column":17}}],"line":132},"10":{"loc":{"start":{"line":151,"column":15},"end":{"line":151,"column":54}},"type":"cond-expr","locations":[{"start":{"line":151,"column":41},"end":{"line":151,"column":50}},{"start":{"line":151,"column":53},"end":{"line":151,"column":54}}],"line":151}},"s":{"0":9,"1":4,"2":3,"3":1,"4":10,"5":5,"6":5,"7":5,"8":9,"9":9,"10":9,"11":5,"12":4,"13":4,"14":4,"15":1,"16":4,"17":1,"18":1,"19":1,"20":1,"21":0,"22":0,"23":0,"24":1,"25":0,"26":0,"27":0,"28":1,"29":6,"30":1,"31":2,"32":4,"33":2,"34":4,"35":2,"36":1,"37":1,"38":1,"39":2,"40":2,"41":2,"42":1,"43":1,"44":1,"45":1,"46":1,"47":1,"48":1,"49":0,"50":1,"51":0,"52":1,"53":1,"54":0,"55":0,"56":0},"f":{"0":9,"1":4,"2":10,"3":5,"4":1,"5":4,"6":1,"7":0,"8":0,"9":6,"10":2,"11":4,"12":4,"13":1,"14":1,"15":0,"16":1,"17":0,"18":0,"19":0},"b":{"0":[3,6],"1":[5,4],"2":[3,1],"3":[5,4],"4":[0,1],"5":[1,0],"6":[0,1],"7":[1,0],"8":[1,1],"9":[1,0],"10":[1,0]},"_coverageSchema":"1a1c01bbd47fc00a2c39e90264f33305004495a9","hash":"f98a8c0994bc9cb288c4516194ab3e20e4930cd4"}
,"/Users/mando/Github/dominant-webapi/src/Webapi.bs.js": {"path":"/Users/mando/Github/dominant-webapi/src/Webapi.bs.js","statementMap":{"0":{"start":{"line":5,"column":14},"end":{"line":5,"column":16}},"1":{"start":{"line":7,"column":16},"end":{"line":7,"column":18}},"2":{"start":{"line":9,"column":17},"end":{"line":9,"column":19}},"3":{"start":{"line":11,"column":18},"end":{"line":11,"column":20}},"4":{"start":{"line":13,"column":20},"end":{"line":13,"column":22}},"5":{"start":{"line":15,"column":13},"end":{"line":15,"column":15}},"6":{"start":{"line":18,"column":2},"end":{"line":26,"column":4}},"7":{"start":{"line":19,"column":14},"end":{"line":19,"column":18}},"8":{"start":{"line":20,"column":17},"end":{"line":20,"column":49}},"9":{"start":{"line":21,"column":18},"end":{"line":21,"column":41}},"10":{"start":{"line":22,"column":4},"end":{"line":22,"column":55}},"11":{"start":{"line":23,"column":4},"end":{"line":23,"column":57}},"12":{"start":{"line":24,"column":4},"end":{"line":24,"column":37}},"13":{"start":{"line":25,"column":4},"end":{"line":25,"column":72}},"14":{"start":{"line":30,"column":12},"end":{"line":30,"column":30}},"15":{"start":{"line":31,"column":2},"end":{"line":37,"column":18}},"16":{"start":{"line":32,"column":16},"end":{"line":34,"column":23}},"17":{"start":{"line":33,"column":22},"end":{"line":33,"column":45}},"18":{"start":{"line":35,"column":16},"end":{"line":35,"column":30}}},"fnMap":{"0":{"name":"onLoad","decl":{"start":{"line":17,"column":9},"end":{"line":17,"column":15}},"loc":{"start":{"line":17,"column":26},"end":{"line":27,"column":1}},"line":17},"1":{"name":"(anonymous_1)","decl":{"start":{"line":18,"column":9},"end":{"line":18,"column":10}},"loc":{"start":{"line":18,"column":21},"end":{"line":26,"column":3}},"line":18},"2":{"name":"imageDataOfUrl","decl":{"start":{"line":29,"column":9},"end":{"line":29,"column":23}},"loc":{"start":{"line":29,"column":29},"end":{"line":38,"column":1}},"line":29},"3":{"name":"(anonymous_3)","decl":{"start":{"line":31,"column":22},"end":{"line":31,"column":23}},"loc":{"start":{"line":31,"column":48},"end":{"line":37,"column":15}},"line":31},"4":{"name":"(anonymous_4)","decl":{"start":{"line":32,"column":36},"end":{"line":32,"column":37}},"loc":{"start":{"line":32,"column":54},"end":{"line":34,"column":21}},"line":32}},"branchMap":{},"s":{"0":1,"1":1,"2":1,"3":1,"4":1,"5":1,"6":0,"7":0,"8":0,"9":0,"10":0,"11":0,"12":0,"13":0,"14":0,"15":0,"16":0,"17":0,"18":0},"f":{"0":0,"1":0,"2":0,"3":0,"4":0},"b":{},"_coverageSchema":"1a1c01bbd47fc00a2c39e90264f33305004495a9","hash":"dc603d11b093f15384b24f8373448253fa301fce"}
}
