TN:
SF:src/Dominant.bs.js
FN:7,reduceRange
FN:14,reduceColorRange
FN:39,ofColor
FN:47,ofFloatArray
FN:66,getRange
FN:67,(anonymous_5)
FN:72,sortPixelList
FN:77,(anonymous_7)
FN:83,(anonymous_8)
FN:88,(anonymous_9)
FN:94,colorAverage
FN:95,(anonymous_11)
FN:102,(anonymous_12)
FN:120,clusterize
FN:130,(anonymous_14)
FN:146,paletteOfClusters
FN:150,paletteOfPixelArray
FN:155,ofImageData
FN:159,ofUrl
FN:160,(anonymous_19)
FNF:20
FNH:14
FNDA:9,reduceRange
FNDA:4,reduceColorRange
FNDA:10,ofColor
FNDA:5,ofFloatArray
FNDA:1,getRange
FNDA:4,(anonymous_5)
FNDA:1,sortPixelList
FNDA:0,(anonymous_7)
FNDA:0,(anonymous_8)
FNDA:6,(anonymous_9)
FNDA:2,colorAverage
FNDA:4,(anonymous_11)
FNDA:4,(anonymous_12)
FNDA:1,clusterize
FNDA:1,(anonymous_14)
FNDA:0,paletteOfClusters
FNDA:1,paletteOfPixelArray
FNDA:0,ofImageData
FNDA:0,ofUrl
FNDA:0,(anonymous_19)
DA:8,9
DA:15,4
DA:16,3
DA:22,1
DA:40,10
DA:48,5
DA:49,5
DA:50,5
DA:51,9
DA:52,9
DA:53,9
DA:54,5
DA:56,4
DA:61,4
DA:62,4
DA:67,1
DA:68,4
DA:73,1
DA:74,1
DA:75,1
DA:76,1
DA:77,0
DA:78,0
DA:80,0
DA:82,1
DA:83,0
DA:84,0
DA:86,0
DA:88,1
DA:89,6
DA:91,1
DA:95,2
DA:96,4
DA:102,2
DA:103,4
DA:113,2
DA:121,1
DA:122,1
DA:123,1
DA:124,2
DA:125,2
DA:126,2
DA:127,1
DA:129,1
DA:130,1
DA:131,1
DA:132,1
DA:133,1
DA:134,1
DA:139,0
DA:142,1
DA:147,0
DA:151,1
DA:152,1
DA:156,0
DA:160,0
DA:161,0
LF:57
LH:46
BRDA:9,0,0,3
BRDA:9,0,1,6
BRDA:10,1,0,5
BRDA:10,1,1,4
BRDA:15,2,0,3
BRDA:15,2,1,1
BRDA:53,3,0,5
BRDA:53,3,1,4
BRDA:76,4,0,0
BRDA:76,4,1,1
BRDA:76,5,0,1
BRDA:76,5,1,0
BRDA:82,6,0,0
BRDA:82,6,1,1
BRDA:82,7,0,1
BRDA:82,7,1,0
BRDA:126,8,0,1
BRDA:126,8,1,1
BRDA:132,9,0,1
BRDA:132,9,1,0
BRDA:151,10,0,1
BRDA:151,10,1,0
BRF:22
BRH:16
end_of_record
TN:
SF:src/Webapi.bs.js
FN:17,onLoad
FN:18,(anonymous_1)
FN:29,imageDataOfUrl
FN:31,(anonymous_3)
FN:32,(anonymous_4)
FNF:5
FNH:0
FNDA:0,onLoad
FNDA:0,(anonymous_1)
FNDA:0,imageDataOfUrl
FNDA:0,(anonymous_3)
FNDA:0,(anonymous_4)
DA:5,1
DA:7,1
DA:9,1
DA:11,1
DA:13,1
DA:15,1
DA:18,0
DA:19,0
DA:20,0
DA:21,0
DA:22,0
DA:23,0
DA:24,0
DA:25,0
DA:30,0
DA:31,0
DA:32,0
DA:33,0
DA:35,0
LF:19
LH:6
BRF:0
BRH:0
end_of_record
